myHadoop: Setting MH_IPOIB_TRANSFORM='s/\([^.]*\).*$/\1.ibnet/' from myhadoop.conf
myHadoop: Setting MH_SCRATCH_DIR=/scratch/$USER/$SLURM_JOBID from myhadoop.conf
myHadoop: Using HADOOP_HOME=/opt/hadoop/2.6.0
myHadoop: Using MH_SCRATCH_DIR=/scratch/ishaan21/20046384
myHadoop: Using JAVA_HOME=/usr/java/latest
myHadoop: Generating Hadoop configuration in directory in /home/ishaan21/cometcluster...
myHadoop: Backing up old config dir to /home/ishaan21/cometcluster.15...
`/home/ishaan21/cometcluster' -> `/home/ishaan21/cometcluster.15'
myHadoop: Designating comet-25-64.ibnet as master node (namenode, secondary namenode, and jobtracker)
myHadoop: The following nodes will be slaves (datanode, tasktracer):
comet-25-64.ibnet
comet-25-69.ibnet
comet-25-71.ibnet
18/11/08 18:46:42 INFO namenode.NameNode: STARTUP_MSG: 
/************************************************************
STARTUP_MSG: Starting NameNode
STARTUP_MSG:   host = comet-25-64.sdsc.edu/198.202.119.170
STARTUP_MSG:   args = [-format]
STARTUP_MSG:   version = 2.6.0
STARTUP_MSG:   classpath = /home/ishaan21/cometcluster:/opt/hadoop/2.6.0/share/hadoop/common/lib/jsp-api-2.1.jar:/opt/hadoop/2.6.0/share/hadoop/common/lib/netty-3.6.2.Final.jar:/opt/hadoop/2.6.0/share/hadoop/common/lib/apacheds-i18n-2.0.0-M15.jar:/opt/hadoop/2.6.0/share/hadoop/common/lib/api-asn1-api-1.0.0-M20.jar:/opt/hadoop/2.6.0/share/hadoop/common/lib/stax-api-1.0-2.jar:/opt/hadoop/2.6.0/share/hadoop/common/lib/slf4j-log4j12-1.7.5.jar:/opt/hadoop/2.6.0/share/hadoop/common/lib/commons-collections-3.2.1.jar:/opt/hadoop/2.6.0/share/hadoop/common/lib/slf4j-api-1.7.5.jar:/opt/hadoop/2.6.0/share/hadoop/common/lib/avro-1.7.4.jar:/opt/hadoop/2.6.0/share/hadoop/common/lib/commons-lang-2.6.jar:/opt/hadoop/2.6.0/share/hadoop/common/lib/guava-11.0.2.jar:/opt/hadoop/2.6.0/share/hadoop/common/lib/commons-configuration-1.6.jar:/opt/hadoop/2.6.0/share/hadoop/common/lib/commons-logging-1.1.3.jar:/opt/hadoop/2.6.0/share/hadoop/common/lib/protobuf-java-2.5.0.jar:/opt/hadoop/2.6.0/share/hadoop/common/lib/log4j-1.2.17.jar:/opt/hadoop/2.6.0/share/hadoop/common/lib/commons-cli-1.2.jar:/opt/hadoop/2.6.0/share/hadoop/common/lib/commons-math3-3.1.1.jar:/opt/hadoop/2.6.0/share/hadoop/common/lib/commons-httpclient-3.1.jar:/opt/hadoop/2.6.0/share/hadoop/common/lib/jackson-core-asl-1.9.13.jar:/opt/hadoop/2.6.0/share/hadoop/common/lib/commons-codec-1.4.jar:/opt/hadoop/2.6.0/share/hadoop/common/lib/jasper-compiler-5.5.23.jar:/opt/hadoop/2.6.0/share/hadoop/common/lib/hadoop-annotations-2.6.0.jar:/opt/hadoop/2.6.0/share/hadoop/common/lib/htrace-core-3.0.4.jar:/opt/hadoop/2.6.0/share/hadoop/common/lib/snappy-java-1.0.4.1.jar:/opt/hadoop/2.6.0/share/hadoop/common/lib/xmlenc-0.52.jar:/opt/hadoop/2.6.0/share/hadoop/common/lib/api-util-1.0.0-M20.jar:/opt/hadoop/2.6.0/share/hadoop/common/lib/java-xmlbuilder-0.4.jar:/opt/hadoop/2.6.0/share/hadoop/common/lib/jersey-core-1.9.jar:/opt/hadoop/2.6.0/share/hadoop/common/lib/jersey-server-1.9.jar:/opt/hadoop/2.6.0/share/hadoop/common/lib/jaxb-api-2.2.2.jar:/opt/hadoop/2.6.0/share/hadoop/common/lib/curator-recipes-2.6.0.jar:/opt/hadoop/2.6.0/share/hadoop/common/lib/jaxb-impl-2.2.3-1.jar:/opt/hadoop/2.6.0/share/hadoop/common/lib/zookeeper-3.4.6.jar:/opt/hadoop/2.6.0/share/hadoop/common/lib/jsch-0.1.42.jar:/opt/hadoop/2.6.0/share/hadoop/common/lib/commons-beanutils-1.7.0.jar:/opt/hadoop/2.6.0/share/hadoop/common/lib/paranamer-2.3.jar:/opt/hadoop/2.6.0/share/hadoop/common/lib/mockito-all-1.8.5.jar:/opt/hadoop/2.6.0/share/hadoop/common/lib/jetty-6.1.26.jar:/opt/hadoop/2.6.0/share/hadoop/common/lib/jets3t-0.9.0.jar:/opt/hadoop/2.6.0/share/hadoop/common/lib/asm-3.2.jar:/opt/hadoop/2.6.0/share/hadoop/common/lib/hamcrest-core-1.3.jar:/opt/hadoop/2.6.0/share/hadoop/common/lib/curator-client-2.6.0.jar:/opt/hadoop/2.6.0/share/hadoop/common/lib/gson-2.2.4.jar:/opt/hadoop/2.6.0/share/hadoop/common/lib/xz-1.0.jar:/opt/hadoop/2.6.0/share/hadoop/common/lib/httpcore-4.2.5.jar:/opt/hadoop/2.6.0/share/hadoop/common/lib/commons-compress-1.4.1.jar:/opt/hadoop/2.6.0/share/hadoop/common/lib/curator-framework-2.6.0.jar:/opt/hadoop/2.6.0/share/hadoop/common/lib/jetty-util-6.1.26.jar:/opt/hadoop/2.6.0/share/hadoop/common/lib/servlet-api-2.5.jar:/opt/hadoop/2.6.0/share/hadoop/common/lib/jettison-1.1.jar:/opt/hadoop/2.6.0/share/hadoop/common/lib/commons-digester-1.8.jar:/opt/hadoop/2.6.0/share/hadoop/common/lib/jackson-jaxrs-1.9.13.jar:/opt/hadoop/2.6.0/share/hadoop/common/lib/commons-io-2.4.jar:/opt/hadoop/2.6.0/share/hadoop/common/lib/jasper-runtime-5.5.23.jar:/opt/hadoop/2.6.0/share/hadoop/common/lib/junit-4.11.jar:/opt/hadoop/2.6.0/share/hadoop/common/lib/httpclient-4.2.5.jar:/opt/hadoop/2.6.0/share/hadoop/common/lib/jackson-mapper-asl-1.9.13.jar:/opt/hadoop/2.6.0/share/hadoop/common/lib/hadoop-auth-2.6.0.jar:/opt/hadoop/2.6.0/share/hadoop/common/lib/activation-1.1.jar:/opt/hadoop/2.6.0/share/hadoop/common/lib/jsr305-1.3.9.jar:/opt/hadoop/2.6.0/share/hadoop/common/lib/jackson-xc-1.9.13.jar:/opt/hadoop/2.6.0/share/hadoop/common/lib/apacheds-kerberos-codec-2.0.0-M15.jar:/opt/hadoop/2.6.0/share/hadoop/common/lib/jersey-json-1.9.jar:/opt/hadoop/2.6.0/share/hadoop/common/lib/commons-beanutils-core-1.8.0.jar:/opt/hadoop/2.6.0/share/hadoop/common/lib/commons-el-1.0.jar:/opt/hadoop/2.6.0/share/hadoop/common/lib/commons-net-3.1.jar:/opt/hadoop/2.6.0/share/hadoop/common/hadoop-nfs-2.6.0.jar:/opt/hadoop/2.6.0/share/hadoop/common/hadoop-common-2.6.0-tests.jar:/opt/hadoop/2.6.0/share/hadoop/common/hadoop-common-2.6.0.jar:/opt/hadoop/2.6.0/share/hadoop/hdfs:/opt/hadoop/2.6.0/share/hadoop/hdfs/lib/jsp-api-2.1.jar:/opt/hadoop/2.6.0/share/hadoop/hdfs/lib/netty-3.6.2.Final.jar:/opt/hadoop/2.6.0/share/hadoop/hdfs/lib/commons-lang-2.6.jar:/opt/hadoop/2.6.0/share/hadoop/hdfs/lib/guava-11.0.2.jar:/opt/hadoop/2.6.0/share/hadoop/hdfs/lib/commons-logging-1.1.3.jar:/opt/hadoop/2.6.0/share/hadoop/hdfs/lib/protobuf-java-2.5.0.jar:/opt/hadoop/2.6.0/share/hadoop/hdfs/lib/log4j-1.2.17.jar:/opt/hadoop/2.6.0/share/hadoop/hdfs/lib/commons-cli-1.2.jar:/opt/hadoop/2.6.0/share/hadoop/hdfs/lib/jackson-core-asl-1.9.13.jar:/opt/hadoop/2.6.0/share/hadoop/hdfs/lib/commons-codec-1.4.jar:/opt/hadoop/2.6.0/share/hadoop/hdfs/lib/htrace-core-3.0.4.jar:/opt/hadoop/2.6.0/share/hadoop/hdfs/lib/xmlenc-0.52.jar:/opt/hadoop/2.6.0/share/hadoop/hdfs/lib/jersey-core-1.9.jar:/opt/hadoop/2.6.0/share/hadoop/hdfs/lib/jersey-server-1.9.jar:/opt/hadoop/2.6.0/share/hadoop/hdfs/lib/xml-apis-1.3.04.jar:/opt/hadoop/2.6.0/share/hadoop/hdfs/lib/jetty-6.1.26.jar:/opt/hadoop/2.6.0/share/hadoop/hdfs/lib/asm-3.2.jar:/opt/hadoop/2.6.0/share/hadoop/hdfs/lib/jetty-util-6.1.26.jar:/opt/hadoop/2.6.0/share/hadoop/hdfs/lib/servlet-api-2.5.jar:/opt/hadoop/2.6.0/share/hadoop/hdfs/lib/commons-io-2.4.jar:/opt/hadoop/2.6.0/share/hadoop/hdfs/lib/jasper-runtime-5.5.23.jar:/opt/hadoop/2.6.0/share/hadoop/hdfs/lib/commons-daemon-1.0.13.jar:/opt/hadoop/2.6.0/share/hadoop/hdfs/lib/xercesImpl-2.9.1.jar:/opt/hadoop/2.6.0/share/hadoop/hdfs/lib/jackson-mapper-asl-1.9.13.jar:/opt/hadoop/2.6.0/share/hadoop/hdfs/lib/jsr305-1.3.9.jar:/opt/hadoop/2.6.0/share/hadoop/hdfs/lib/commons-el-1.0.jar:/opt/hadoop/2.6.0/share/hadoop/hdfs/hadoop-hdfs-nfs-2.6.0.jar:/opt/hadoop/2.6.0/share/hadoop/hdfs/hadoop-hdfs-2.6.0.jar:/opt/hadoop/2.6.0/share/hadoop/hdfs/hadoop-hdfs-2.6.0-tests.jar:/opt/hadoop/2.6.0/share/hadoop/yarn/lib/netty-3.6.2.Final.jar:/opt/hadoop/2.6.0/share/hadoop/yarn/lib/aopalliance-1.0.jar:/opt/hadoop/2.6.0/share/hadoop/yarn/lib/stax-api-1.0-2.jar:/opt/hadoop/2.6.0/share/hadoop/yarn/lib/commons-collections-3.2.1.jar:/opt/hadoop/2.6.0/share/hadoop/yarn/lib/commons-lang-2.6.jar:/opt/hadoop/2.6.0/share/hadoop/yarn/lib/guava-11.0.2.jar:/opt/hadoop/2.6.0/share/hadoop/yarn/lib/commons-logging-1.1.3.jar:/opt/hadoop/2.6.0/share/hadoop/yarn/lib/jersey-client-1.9.jar:/opt/hadoop/2.6.0/share/hadoop/yarn/lib/protobuf-java-2.5.0.jar:/opt/hadoop/2.6.0/share/hadoop/yarn/lib/log4j-1.2.17.jar:/opt/hadoop/2.6.0/share/hadoop/yarn/lib/commons-cli-1.2.jar:/opt/hadoop/2.6.0/share/hadoop/yarn/lib/leveldbjni-all-1.8.jar:/opt/hadoop/2.6.0/share/hadoop/yarn/lib/commons-httpclient-3.1.jar:/opt/hadoop/2.6.0/share/hadoop/yarn/lib/jackson-core-asl-1.9.13.jar:/opt/hadoop/2.6.0/share/hadoop/yarn/lib/commons-codec-1.4.jar:/opt/hadoop/2.6.0/share/hadoop/yarn/lib/jline-0.9.94.jar:/opt/hadoop/2.6.0/share/hadoop/yarn/lib/guice-servlet-3.0.jar:/opt/hadoop/2.6.0/share/hadoop/yarn/lib/jersey-core-1.9.jar:/opt/hadoop/2.6.0/share/hadoop/yarn/lib/jersey-server-1.9.jar:/opt/hadoop/2.6.0/share/hadoop/yarn/lib/jaxb-api-2.2.2.jar:/opt/hadoop/2.6.0/share/hadoop/yarn/lib/jaxb-impl-2.2.3-1.jar:/opt/hadoop/2.6.0/share/hadoop/yarn/lib/zookeeper-3.4.6.jar:/opt/hadoop/2.6.0/share/hadoop/yarn/lib/jetty-6.1.26.jar:/opt/hadoop/2.6.0/share/hadoop/yarn/lib/asm-3.2.jar:/opt/hadoop/2.6.0/share/hadoop/yarn/lib/guice-3.0.jar:/opt/hadoop/2.6.0/share/hadoop/yarn/lib/xz-1.0.jar:/opt/hadoop/2.6.0/share/hadoop/yarn/lib/commons-compress-1.4.1.jar:/opt/hadoop/2.6.0/share/hadoop/yarn/lib/jetty-util-6.1.26.jar:/opt/hadoop/2.6.0/share/hadoop/yarn/lib/servlet-api-2.5.jar:/opt/hadoop/2.6.0/share/hadoop/yarn/lib/jettison-1.1.jar:/opt/hadoop/2.6.0/share/hadoop/yarn/lib/jackson-jaxrs-1.9.13.jar:/opt/hadoop/2.6.0/share/hadoop/yarn/lib/commons-io-2.4.jar:/opt/hadoop/2.6.0/share/hadoop/yarn/lib/jackson-mapper-asl-1.9.13.jar:/opt/hadoop/2.6.0/share/hadoop/yarn/lib/activation-1.1.jar:/opt/hadoop/2.6.0/share/hadoop/yarn/lib/jsr305-1.3.9.jar:/opt/hadoop/2.6.0/share/hadoop/yarn/lib/javax.inject-1.jar:/opt/hadoop/2.6.0/share/hadoop/yarn/lib/jackson-xc-1.9.13.jar:/opt/hadoop/2.6.0/share/hadoop/yarn/lib/jersey-guice-1.9.jar:/opt/hadoop/2.6.0/share/hadoop/yarn/lib/jersey-json-1.9.jar:/opt/hadoop/2.6.0/share/hadoop/yarn/hadoop-yarn-api-2.6.0.jar:/opt/hadoop/2.6.0/share/hadoop/yarn/hadoop-yarn-common-2.6.0.jar:/opt/hadoop/2.6.0/share/hadoop/yarn/hadoop-yarn-applications-unmanaged-am-launcher-2.6.0.jar:/opt/hadoop/2.6.0/share/hadoop/yarn/hadoop-yarn-server-common-2.6.0.jar:/opt/hadoop/2.6.0/share/hadoop/yarn/hadoop-yarn-server-applicationhistoryservice-2.6.0.jar:/opt/hadoop/2.6.0/share/hadoop/yarn/hadoop-yarn-server-web-proxy-2.6.0.jar:/opt/hadoop/2.6.0/share/hadoop/yarn/hadoop-yarn-applications-distributedshell-2.6.0.jar:/opt/hadoop/2.6.0/share/hadoop/yarn/hadoop-yarn-server-tests-2.6.0.jar:/opt/hadoop/2.6.0/share/hadoop/yarn/hadoop-yarn-client-2.6.0.jar:/opt/hadoop/2.6.0/share/hadoop/yarn/hadoop-yarn-registry-2.6.0.jar:/opt/hadoop/2.6.0/share/hadoop/yarn/hadoop-yarn-server-resourcemanager-2.6.0.jar:/opt/hadoop/2.6.0/share/hadoop/yarn/hadoop-yarn-server-nodemanager-2.6.0.jar:/opt/hadoop/2.6.0/share/hadoop/mapreduce/lib/netty-3.6.2.Final.jar:/opt/hadoop/2.6.0/share/hadoop/mapreduce/lib/aopalliance-1.0.jar:/opt/hadoop/2.6.0/share/hadoop/mapreduce/lib/avro-1.7.4.jar:/opt/hadoop/2.6.0/share/hadoop/mapreduce/lib/protobuf-java-2.5.0.jar:/opt/hadoop/2.6.0/share/hadoop/mapreduce/lib/log4j-1.2.17.jar:/opt/hadoop/2.6.0/share/hadoop/mapreduce/lib/leveldbjni-all-1.8.jar:/opt/hadoop/2.6.0/share/hadoop/mapreduce/lib/jackson-core-asl-1.9.13.jar:/opt/hadoop/2.6.0/share/hadoop/mapreduce/lib/guice-servlet-3.0.jar:/opt/hadoop/2.6.0/share/hadoop/mapreduce/lib/hadoop-annotations-2.6.0.jar:/opt/hadoop/2.6.0/share/hadoop/mapreduce/lib/snappy-java-1.0.4.1.jar:/opt/hadoop/2.6.0/share/hadoop/mapreduce/lib/jersey-core-1.9.jar:/opt/hadoop/2.6.0/share/hadoop/mapreduce/lib/jersey-server-1.9.jar:/opt/hadoop/2.6.0/share/hadoop/mapreduce/lib/paranamer-2.3.jar:/opt/hadoop/2.6.0/share/hadoop/mapreduce/lib/asm-3.2.jar:/opt/hadoop/2.6.0/share/hadoop/mapreduce/lib/hamcrest-core-1.3.jar:/opt/hadoop/2.6.0/share/hadoop/mapreduce/lib/guice-3.0.jar:/opt/hadoop/2.6.0/share/hadoop/mapreduce/lib/xz-1.0.jar:/opt/hadoop/2.6.0/share/hadoop/mapreduce/lib/commons-compress-1.4.1.jar:/opt/hadoop/2.6.0/share/hadoop/mapreduce/lib/commons-io-2.4.jar:/opt/hadoop/2.6.0/share/hadoop/mapreduce/lib/junit-4.11.jar:/opt/hadoop/2.6.0/share/hadoop/mapreduce/lib/jackson-mapper-asl-1.9.13.jar:/opt/hadoop/2.6.0/share/hadoop/mapreduce/lib/javax.inject-1.jar:/opt/hadoop/2.6.0/share/hadoop/mapreduce/lib/jersey-guice-1.9.jar:/opt/hadoop/2.6.0/share/hadoop/mapreduce/hadoop-mapreduce-client-shuffle-2.6.0.jar:/opt/hadoop/2.6.0/share/hadoop/mapreduce/hadoop-mapreduce-client-hs-plugins-2.6.0.jar:/opt/hadoop/2.6.0/share/hadoop/mapreduce/hadoop-mapreduce-client-jobclient-2.6.0.jar:/opt/hadoop/2.6.0/share/hadoop/mapreduce/hadoop-mapreduce-client-hs-2.6.0.jar:/opt/hadoop/2.6.0/share/hadoop/mapreduce/hadoop-mapreduce-examples-2.6.0.jar:/opt/hadoop/2.6.0/share/hadoop/mapreduce/hadoop-mapreduce-client-core-2.6.0.jar:/opt/hadoop/2.6.0/share/hadoop/mapreduce/hadoop-mapreduce-client-jobclient-2.6.0-tests.jar:/opt/hadoop/2.6.0/share/hadoop/mapreduce/hadoop-mapreduce-client-app-2.6.0.jar:/opt/hadoop/2.6.0/share/hadoop/mapreduce/hadoop-mapreduce-client-common-2.6.0.jar:/opt/hadoop/2.6.0/contrib/capacity-scheduler/*.jar
STARTUP_MSG:   build = https://git-wip-us.apache.org/repos/asf/hadoop.git -r e3496499ecb8d220fba99dc5ed4c99c8f9e33bb1; compiled by 'jenkins' on 2014-11-13T21:10Z
STARTUP_MSG:   java = 1.8.0_60
************************************************************/
18/11/08 18:46:42 INFO namenode.NameNode: registered UNIX signal handlers for [TERM, HUP, INT]
18/11/08 18:46:42 INFO namenode.NameNode: createNameNode [-format]
18/11/08 18:46:42 WARN util.NativeCodeLoader: Unable to load native-hadoop library for your platform... using builtin-java classes where applicable
18/11/08 18:46:42 WARN common.Util: Path /scratch/ishaan21/20046384/namenode_data should be specified as a URI in configuration files. Please update hdfs configuration.
18/11/08 18:46:42 WARN common.Util: Path /scratch/ishaan21/20046384/namenode_data should be specified as a URI in configuration files. Please update hdfs configuration.
Formatting using clusterid: CID-9e44936d-56e8-4b11-97ca-b247b8a4f7b9
18/11/08 18:46:42 INFO namenode.FSNamesystem: No KeyProvider found.
18/11/08 18:46:42 INFO namenode.FSNamesystem: fsLock is fair:true
18/11/08 18:46:42 INFO blockmanagement.DatanodeManager: dfs.block.invalidate.limit=1000
18/11/08 18:46:42 INFO blockmanagement.DatanodeManager: dfs.namenode.datanode.registration.ip-hostname-check=true
18/11/08 18:46:42 INFO blockmanagement.BlockManager: dfs.namenode.startup.delay.block.deletion.sec is set to 000:00:00:00.000
18/11/08 18:46:42 INFO blockmanagement.BlockManager: The block deletion will start around 2018 Nov 08 18:46:42
18/11/08 18:46:42 INFO util.GSet: Computing capacity for map BlocksMap
18/11/08 18:46:42 INFO util.GSet: VM type       = 64-bit
18/11/08 18:46:42 INFO util.GSet: 2.0% max memory 958.5 MB = 19.2 MB
18/11/08 18:46:42 INFO util.GSet: capacity      = 2^21 = 2097152 entries
18/11/08 18:46:43 INFO blockmanagement.BlockManager: dfs.block.access.token.enable=false
18/11/08 18:46:43 INFO blockmanagement.BlockManager: defaultReplication         = 3
18/11/08 18:46:43 INFO blockmanagement.BlockManager: maxReplication             = 512
18/11/08 18:46:43 INFO blockmanagement.BlockManager: minReplication             = 1
18/11/08 18:46:43 INFO blockmanagement.BlockManager: maxReplicationStreams      = 2
18/11/08 18:46:43 INFO blockmanagement.BlockManager: shouldCheckForEnoughRacks  = false
18/11/08 18:46:43 INFO blockmanagement.BlockManager: replicationRecheckInterval = 3000
18/11/08 18:46:43 INFO blockmanagement.BlockManager: encryptDataTransfer        = false
18/11/08 18:46:43 INFO blockmanagement.BlockManager: maxNumBlocksToLog          = 1000
18/11/08 18:46:43 INFO namenode.FSNamesystem: fsOwner             = ishaan21 (auth:SIMPLE)
18/11/08 18:46:43 INFO namenode.FSNamesystem: supergroup          = supergroup
18/11/08 18:46:43 INFO namenode.FSNamesystem: isPermissionEnabled = true
18/11/08 18:46:43 INFO namenode.FSNamesystem: HA Enabled: false
18/11/08 18:46:43 INFO namenode.FSNamesystem: Append Enabled: true
18/11/08 18:46:43 INFO util.GSet: Computing capacity for map INodeMap
18/11/08 18:46:43 INFO util.GSet: VM type       = 64-bit
18/11/08 18:46:43 INFO util.GSet: 1.0% max memory 958.5 MB = 9.6 MB
18/11/08 18:46:43 INFO util.GSet: capacity      = 2^20 = 1048576 entries
18/11/08 18:46:43 INFO namenode.NameNode: Caching file names occuring more than 10 times
18/11/08 18:46:43 INFO util.GSet: Computing capacity for map cachedBlocks
18/11/08 18:46:43 INFO util.GSet: VM type       = 64-bit
18/11/08 18:46:43 INFO util.GSet: 0.25% max memory 958.5 MB = 2.4 MB
18/11/08 18:46:43 INFO util.GSet: capacity      = 2^18 = 262144 entries
18/11/08 18:46:43 INFO namenode.FSNamesystem: dfs.namenode.safemode.threshold-pct = 0.9990000128746033
18/11/08 18:46:43 INFO namenode.FSNamesystem: dfs.namenode.safemode.min.datanodes = 0
18/11/08 18:46:43 INFO namenode.FSNamesystem: dfs.namenode.safemode.extension     = 30000
18/11/08 18:46:43 INFO namenode.FSNamesystem: Retry cache on namenode is enabled
18/11/08 18:46:43 INFO namenode.FSNamesystem: Retry cache will use 0.03 of total heap and retry cache entry expiry time is 600000 millis
18/11/08 18:46:43 INFO util.GSet: Computing capacity for map NameNodeRetryCache
18/11/08 18:46:43 INFO util.GSet: VM type       = 64-bit
18/11/08 18:46:43 INFO util.GSet: 0.029999999329447746% max memory 958.5 MB = 294.5 KB
18/11/08 18:46:43 INFO util.GSet: capacity      = 2^15 = 32768 entries
18/11/08 18:46:43 INFO namenode.NNConf: ACLs enabled? false
18/11/08 18:46:43 INFO namenode.NNConf: XAttrs enabled? true
18/11/08 18:46:43 INFO namenode.NNConf: Maximum size of an xattr: 16384
18/11/08 18:46:43 INFO namenode.FSImage: Allocated new BlockPoolId: BP-848526958-198.202.119.170-1541731603186
18/11/08 18:46:43 INFO common.Storage: Storage directory /scratch/ishaan21/20046384/namenode_data has been successfully formatted.
18/11/08 18:46:43 INFO namenode.NNStorageRetentionManager: Going to retain 1 images with txid >= 0
18/11/08 18:46:43 INFO util.ExitUtil: Exiting with status 0
18/11/08 18:46:43 INFO namenode.NameNode: SHUTDOWN_MSG: 
/************************************************************
SHUTDOWN_MSG: Shutting down NameNode at comet-25-64.sdsc.edu/198.202.119.170
************************************************************/
myHadoop:  
myHadoop: Enabling experimental Spark support
myHadoop: Using SPARK_CONF_DIR=/home/ishaan21/cometcluster/spark
myHadoop:  
To use Spark, you will want to type the following commands:"
  source /home/ishaan21/cometcluster/spark/spark-env.sh
  myspark start
18/11/08 18:46:43 WARN util.NativeCodeLoader: Unable to load native-hadoop library for your platform... using builtin-java classes where applicable
Starting namenodes on [comet-25-64.ibnet]
comet-25-64.ibnet: starting namenode, logging to /scratch/ishaan21/20046384/logs/hadoop-ishaan21-namenode-comet-25-64.sdsc.edu.out
comet-25-64.ibnet: starting datanode, logging to /scratch/ishaan21/20046384/logs/hadoop-ishaan21-datanode-comet-25-64.sdsc.edu.out
comet-25-71.ibnet: starting datanode, logging to /scratch/ishaan21/20046384/logs/hadoop-ishaan21-datanode-comet-25-71.sdsc.edu.out
comet-25-69.ibnet: starting datanode, logging to /scratch/ishaan21/20046384/logs/hadoop-ishaan21-datanode-comet-25-69.sdsc.edu.out
Starting secondary namenodes [comet-25-64.ibnet]
comet-25-64.ibnet: starting secondarynamenode, logging to /scratch/ishaan21/20046384/logs/hadoop-ishaan21-secondarynamenode-comet-25-64.sdsc.edu.out
18/11/08 18:46:59 WARN util.NativeCodeLoader: Unable to load native-hadoop library for your platform... using builtin-java classes where applicable
starting yarn daemons
starting resourcemanager, logging to /scratch/ishaan21/20046384/logs/yarn-ishaan21-resourcemanager-comet-25-64.out
comet-25-71.ibnet: starting nodemanager, logging to /scratch/ishaan21/20046384/logs/yarn-ishaan21-nodemanager-comet-25-71.sdsc.edu.out
comet-25-69.ibnet: starting nodemanager, logging to /scratch/ishaan21/20046384/logs/yarn-ishaan21-nodemanager-comet-25-69.sdsc.edu.out
comet-25-64.ibnet: starting nodemanager, logging to /scratch/ishaan21/20046384/logs/yarn-ishaan21-nodemanager-comet-25-64.sdsc.edu.out
mySpark: Using /home/ishaan21/cometcluster/spark/slaves as our slaves file
mySpark: Reading in /home/ishaan21/cometcluster/spark/spark-env.sh as our slaves file
starting org.apache.spark.deploy.master.Master, logging to /scratch/ishaan21/20046384/logs/spark-ishaan21-org.apache.spark.deploy.master.Master-1-comet-25-64.out
mySpark: Starting worker on comet-25-64.ibnet:
  /opt/spark/1.5.2/sbin/spark-daemon.sh --config /home/ishaan21/cometcluster/spark start org.apache.spark.deploy.worker.Worker 1 spark://comet-25-64.ibnet:7077
starting org.apache.spark.deploy.worker.Worker, logging to /scratch/ishaan21/20046384/logs/spark-ishaan21-org.apache.spark.deploy.worker.Worker-1-comet-25-64.sdsc.edu.out
mySpark: Starting worker on comet-25-69.ibnet:
  /opt/spark/1.5.2/sbin/spark-daemon.sh --config /home/ishaan21/cometcluster/spark start org.apache.spark.deploy.worker.Worker 1 spark://comet-25-64.ibnet:7077
starting org.apache.spark.deploy.worker.Worker, logging to /scratch/ishaan21/20046384/logs/spark-ishaan21-org.apache.spark.deploy.worker.Worker-1-comet-25-69.sdsc.edu.out
mySpark: Starting worker on comet-25-71.ibnet:
  /opt/spark/1.5.2/sbin/spark-daemon.sh --config /home/ishaan21/cometcluster/spark start org.apache.spark.deploy.worker.Worker 1 spark://comet-25-64.ibnet:7077
starting org.apache.spark.deploy.worker.Worker, logging to /scratch/ishaan21/20046384/logs/spark-ishaan21-org.apache.spark.deploy.worker.Worker-1-comet-25-71.sdsc.edu.out
18/11/08 18:47:13 WARN util.NativeCodeLoader: Unable to load native-hadoop library for your platform... using builtin-java classes where applicable
18/11/08 18:47:14 WARN util.NativeCodeLoader: Unable to load native-hadoop library for your platform... using builtin-java classes where applicable
18/11/08 18:47:15 INFO spark.SparkContext: Running Spark version 1.5.2
18/11/08 18:47:16 WARN util.NativeCodeLoader: Unable to load native-hadoop library for your platform... using builtin-java classes where applicable
18/11/08 18:47:16 INFO spark.SecurityManager: Changing view acls to: ishaan21
18/11/08 18:47:16 INFO spark.SecurityManager: Changing modify acls to: ishaan21
18/11/08 18:47:16 INFO spark.SecurityManager: SecurityManager: authentication disabled; ui acls disabled; users with view permissions: Set(ishaan21); users with modify permissions: Set(ishaan21)
18/11/08 18:47:16 INFO slf4j.Slf4jLogger: Slf4jLogger started
18/11/08 18:47:16 INFO Remoting: Starting remoting
18/11/08 18:47:16 INFO Remoting: Remoting started; listening on addresses :[akka.tcp://sparkDriver@10.22.249.143:34941]
18/11/08 18:47:16 INFO util.Utils: Successfully started service 'sparkDriver' on port 34941.
18/11/08 18:47:16 INFO spark.SparkEnv: Registering MapOutputTracker
18/11/08 18:47:16 INFO spark.SparkEnv: Registering BlockManagerMaster
18/11/08 18:47:16 INFO storage.DiskBlockManager: Created local directory at /tmp/blockmgr-b24748fb-8bde-40bf-a6ed-2e0a672e45e3
18/11/08 18:47:16 INFO storage.MemoryStore: MemoryStore started with capacity 530.0 MB
18/11/08 18:47:16 INFO spark.HttpFileServer: HTTP File server directory is /tmp/spark-88b663f5-997a-47f9-9f4f-0dba5af15825/httpd-8982a1f7-71e7-4d79-b20f-be7191cba7ec
18/11/08 18:47:16 INFO spark.HttpServer: Starting HTTP Server
18/11/08 18:47:16 INFO server.Server: jetty-8.y.z-SNAPSHOT
18/11/08 18:47:16 INFO server.AbstractConnector: Started SocketConnector@0.0.0.0:42497
18/11/08 18:47:16 INFO util.Utils: Successfully started service 'HTTP file server' on port 42497.
18/11/08 18:47:16 INFO spark.SparkEnv: Registering OutputCommitCoordinator
18/11/08 18:47:16 INFO server.Server: jetty-8.y.z-SNAPSHOT
18/11/08 18:47:17 INFO server.AbstractConnector: Started SelectChannelConnector@0.0.0.0:4040
18/11/08 18:47:17 INFO util.Utils: Successfully started service 'SparkUI' on port 4040.
18/11/08 18:47:17 INFO ui.SparkUI: Started SparkUI at http://10.22.249.143:4040
18/11/08 18:47:17 INFO spark.SparkContext: Added JAR file:/home/ishaan21/project5/partition.jar at http://10.22.249.143:42497/jars/partition.jar with timestamp 1541731637029
18/11/08 18:47:17 WARN metrics.MetricsSystem: Using default name DAGScheduler for source because spark.app.id is not set.
18/11/08 18:47:17 INFO executor.Executor: Starting executor ID driver on host localhost
18/11/08 18:47:17 INFO util.Utils: Successfully started service 'org.apache.spark.network.netty.NettyBlockTransferService' on port 44615.
18/11/08 18:47:17 INFO netty.NettyBlockTransferService: Server created on 44615
18/11/08 18:47:17 INFO storage.BlockManagerMaster: Trying to register BlockManager
18/11/08 18:47:17 INFO storage.BlockManagerMasterEndpoint: Registering block manager localhost:44615 with 530.0 MB RAM, BlockManagerId(driver, localhost, 44615)
18/11/08 18:47:17 INFO storage.BlockManagerMaster: Registered BlockManager
18/11/08 18:47:17 INFO storage.MemoryStore: ensureFreeSpace(120176) called with curMem=0, maxMem=555755765
18/11/08 18:47:17 INFO storage.MemoryStore: Block broadcast_0 stored as values in memory (estimated size 117.4 KB, free 529.9 MB)
18/11/08 18:47:17 INFO storage.MemoryStore: ensureFreeSpace(12869) called with curMem=120176, maxMem=555755765
18/11/08 18:47:17 INFO storage.MemoryStore: Block broadcast_0_piece0 stored as bytes in memory (estimated size 12.6 KB, free 529.9 MB)
18/11/08 18:47:17 INFO storage.BlockManagerInfo: Added broadcast_0_piece0 in memory on localhost:44615 (size: 12.6 KB, free: 530.0 MB)
18/11/08 18:47:17 INFO spark.SparkContext: Created broadcast 0 from textFile at Partition.scala:18
18/11/08 18:47:18 INFO mapred.FileInputFormat: Total input paths to process : 1
(29,13268)
(21958,15692)
(85396,9828)
(81217,9125)
(10147,12112)
(9943,8445)
(67668,10523)
(40720,7190)
(24310,5401)
(59780,8416)
18/11/08 18:47:18 INFO spark.SparkContext: Invoking stop() from shutdown hook
18/11/08 18:47:18 INFO handler.ContextHandler: stopped o.s.j.s.ServletContextHandler{/metrics/json,null}
18/11/08 18:47:18 INFO handler.ContextHandler: stopped o.s.j.s.ServletContextHandler{/stages/stage/kill,null}
18/11/08 18:47:18 INFO handler.ContextHandler: stopped o.s.j.s.ServletContextHandler{/api,null}
18/11/08 18:47:18 INFO handler.ContextHandler: stopped o.s.j.s.ServletContextHandler{/,null}
18/11/08 18:47:18 INFO handler.ContextHandler: stopped o.s.j.s.ServletContextHandler{/static,null}
18/11/08 18:47:18 INFO handler.ContextHandler: stopped o.s.j.s.ServletContextHandler{/executors/threadDump/json,null}
18/11/08 18:47:18 INFO handler.ContextHandler: stopped o.s.j.s.ServletContextHandler{/executors/threadDump,null}
18/11/08 18:47:18 INFO handler.ContextHandler: stopped o.s.j.s.ServletContextHandler{/executors/json,null}
18/11/08 18:47:18 INFO handler.ContextHandler: stopped o.s.j.s.ServletContextHandler{/executors,null}
18/11/08 18:47:18 INFO handler.ContextHandler: stopped o.s.j.s.ServletContextHandler{/environment/json,null}
18/11/08 18:47:18 INFO handler.ContextHandler: stopped o.s.j.s.ServletContextHandler{/environment,null}
18/11/08 18:47:18 INFO handler.ContextHandler: stopped o.s.j.s.ServletContextHandler{/storage/rdd/json,null}
18/11/08 18:47:18 INFO handler.ContextHandler: stopped o.s.j.s.ServletContextHandler{/storage/rdd,null}
18/11/08 18:47:18 INFO handler.ContextHandler: stopped o.s.j.s.ServletContextHandler{/storage/json,null}
18/11/08 18:47:18 INFO handler.ContextHandler: stopped o.s.j.s.ServletContextHandler{/storage,null}
18/11/08 18:47:18 INFO handler.ContextHandler: stopped o.s.j.s.ServletContextHandler{/stages/pool/json,null}
18/11/08 18:47:18 INFO handler.ContextHandler: stopped o.s.j.s.ServletContextHandler{/stages/pool,null}
18/11/08 18:47:18 INFO handler.ContextHandler: stopped o.s.j.s.ServletContextHandler{/stages/stage/json,null}
18/11/08 18:47:18 INFO handler.ContextHandler: stopped o.s.j.s.ServletContextHandler{/stages/stage,null}
18/11/08 18:47:18 INFO handler.ContextHandler: stopped o.s.j.s.ServletContextHandler{/stages/json,null}
18/11/08 18:47:18 INFO handler.ContextHandler: stopped o.s.j.s.ServletContextHandler{/stages,null}
18/11/08 18:47:18 INFO handler.ContextHandler: stopped o.s.j.s.ServletContextHandler{/jobs/job/json,null}
18/11/08 18:47:18 INFO handler.ContextHandler: stopped o.s.j.s.ServletContextHandler{/jobs/job,null}
18/11/08 18:47:18 INFO handler.ContextHandler: stopped o.s.j.s.ServletContextHandler{/jobs/json,null}
18/11/08 18:47:18 INFO handler.ContextHandler: stopped o.s.j.s.ServletContextHandler{/jobs,null}
18/11/08 18:47:18 INFO ui.SparkUI: Stopped Spark web UI at http://10.22.249.143:4040
18/11/08 18:47:18 INFO scheduler.DAGScheduler: Stopping DAGScheduler
18/11/08 18:47:18 INFO spark.MapOutputTrackerMasterEndpoint: MapOutputTrackerMasterEndpoint stopped!
18/11/08 18:47:18 INFO storage.MemoryStore: MemoryStore cleared
18/11/08 18:47:18 INFO storage.BlockManager: BlockManager stopped
18/11/08 18:47:18 INFO storage.BlockManagerMaster: BlockManagerMaster stopped
18/11/08 18:47:18 INFO scheduler.OutputCommitCoordinator$OutputCommitCoordinatorEndpoint: OutputCommitCoordinator stopped!
18/11/08 18:47:18 INFO spark.SparkContext: Successfully stopped SparkContext
18/11/08 18:47:18 INFO util.ShutdownHookManager: Shutdown hook called
18/11/08 18:47:18 INFO util.ShutdownHookManager: Deleting directory /tmp/spark-88b663f5-997a-47f9-9f4f-0dba5af15825
18/11/08 18:47:18 INFO remote.RemoteActorRefProvider$RemotingTerminator: Shutting down remote daemon.
18/11/08 18:47:18 INFO remote.RemoteActorRefProvider$RemotingTerminator: Remote daemon shut down; proceeding with flushing remote transports.
18/11/08 18:47:18 INFO remote.RemoteActorRefProvider$RemotingTerminator: Remoting shut down.
stopping yarn daemons
stopping resourcemanager
comet-25-69.ibnet: stopping nodemanager
comet-25-71.ibnet: stopping nodemanager
comet-25-64.ibnet: stopping nodemanager
no proxyserver to stop
18/11/08 18:47:30 WARN util.NativeCodeLoader: Unable to load native-hadoop library for your platform... using builtin-java classes where applicable
Stopping namenodes on [comet-25-64.ibnet]
comet-25-64.ibnet: stopping namenode
comet-25-71.ibnet: stopping datanode
comet-25-69.ibnet: stopping datanode
comet-25-64.ibnet: stopping datanode
Stopping secondary namenodes [comet-25-64.ibnet]
comet-25-64.ibnet: stopping secondarynamenode
18/11/08 18:47:48 WARN util.NativeCodeLoader: Unable to load native-hadoop library for your platform... using builtin-java classes where applicable
Copying Hadoop logs back to /home/ishaan21/cometcluster/logs...
`/scratch/ishaan21/20046384/logs' -> `/home/ishaan21/cometcluster/logs'
`/scratch/ishaan21/20046384/logs/yarn-ishaan21-resourcemanager-comet-25-64.log' -> `/home/ishaan21/cometcluster/logs/yarn-ishaan21-resourcemanager-comet-25-64.log'
`/scratch/ishaan21/20046384/logs/hadoop-ishaan21-namenode-comet-25-64.sdsc.edu.log' -> `/home/ishaan21/cometcluster/logs/hadoop-ishaan21-namenode-comet-25-64.sdsc.edu.log'
`/scratch/ishaan21/20046384/logs/spark-ishaan21-org.apache.spark.deploy.worker.Worker-1-comet-25-64.sdsc.edu.out' -> `/home/ishaan21/cometcluster/logs/spark-ishaan21-org.apache.spark.deploy.worker.Worker-1-comet-25-64.sdsc.edu.out'
`/scratch/ishaan21/20046384/logs/hadoop-ishaan21-datanode-comet-25-64.sdsc.edu.log' -> `/home/ishaan21/cometcluster/logs/hadoop-ishaan21-datanode-comet-25-64.sdsc.edu.log'
`/scratch/ishaan21/20046384/logs/hadoop-ishaan21-secondarynamenode-comet-25-64.sdsc.edu.out' -> `/home/ishaan21/cometcluster/logs/hadoop-ishaan21-secondarynamenode-comet-25-64.sdsc.edu.out'
`/scratch/ishaan21/20046384/logs/yarn-ishaan21-nodemanager-comet-25-64.sdsc.edu.out' -> `/home/ishaan21/cometcluster/logs/yarn-ishaan21-nodemanager-comet-25-64.sdsc.edu.out'
`/scratch/ishaan21/20046384/logs/SecurityAuth-ishaan21.audit' -> `/home/ishaan21/cometcluster/logs/SecurityAuth-ishaan21.audit'
`/scratch/ishaan21/20046384/logs/userlogs' -> `/home/ishaan21/cometcluster/logs/userlogs'
`/scratch/ishaan21/20046384/logs/hadoop-ishaan21-datanode-comet-25-64.sdsc.edu.out' -> `/home/ishaan21/cometcluster/logs/hadoop-ishaan21-datanode-comet-25-64.sdsc.edu.out'
`/scratch/ishaan21/20046384/logs/yarn-ishaan21-nodemanager-comet-25-64.sdsc.edu.log' -> `/home/ishaan21/cometcluster/logs/yarn-ishaan21-nodemanager-comet-25-64.sdsc.edu.log'
`/scratch/ishaan21/20046384/logs/hadoop-ishaan21-secondarynamenode-comet-25-64.sdsc.edu.log' -> `/home/ishaan21/cometcluster/logs/hadoop-ishaan21-secondarynamenode-comet-25-64.sdsc.edu.log'
`/scratch/ishaan21/20046384/logs/spark-ishaan21-org.apache.spark.deploy.master.Master-1-comet-25-64.out' -> `/home/ishaan21/cometcluster/logs/spark-ishaan21-org.apache.spark.deploy.master.Master-1-comet-25-64.out'
`/scratch/ishaan21/20046384/logs/yarn-ishaan21-resourcemanager-comet-25-64.out' -> `/home/ishaan21/cometcluster/logs/yarn-ishaan21-resourcemanager-comet-25-64.out'
`/scratch/ishaan21/20046384/logs/hadoop-ishaan21-namenode-comet-25-64.sdsc.edu.out' -> `/home/ishaan21/cometcluster/logs/hadoop-ishaan21-namenode-comet-25-64.sdsc.edu.out'
removed directory: `/scratch/ishaan21/20046384/mapred_scratch/filecache'
removed directory: `/scratch/ishaan21/20046384/mapred_scratch/nmPrivate'
removed directory: `/scratch/ishaan21/20046384/mapred_scratch/usercache'
removed directory: `/scratch/ishaan21/20046384/mapred_scratch'
removed directory: `/scratch/ishaan21/20046384/tmp/dfs/namesecondary'
removed directory: `/scratch/ishaan21/20046384/tmp/dfs'
removed directory: `/scratch/ishaan21/20046384/tmp'
removed `/scratch/ishaan21/20046384/namenode_data/current/edits_inprogress_0000000000000000001'
removed `/scratch/ishaan21/20046384/namenode_data/current/fsimage_0000000000000000000'
removed `/scratch/ishaan21/20046384/namenode_data/current/seen_txid'
removed `/scratch/ishaan21/20046384/namenode_data/current/VERSION'
removed `/scratch/ishaan21/20046384/namenode_data/current/fsimage_0000000000000000000.md5'
removed directory: `/scratch/ishaan21/20046384/namenode_data/current'
removed directory: `/scratch/ishaan21/20046384/namenode_data'
removed `/scratch/ishaan21/20046384/hdfs_data/current/BP-848526958-198.202.119.170-1541731603186/dncp_block_verification.log.prev'
removed directory: `/scratch/ishaan21/20046384/hdfs_data/current/BP-848526958-198.202.119.170-1541731603186/tmp'
removed `/scratch/ishaan21/20046384/hdfs_data/current/BP-848526958-198.202.119.170-1541731603186/current/finalized/subdir0/subdir0/blk_1073741825'
removed `/scratch/ishaan21/20046384/hdfs_data/current/BP-848526958-198.202.119.170-1541731603186/current/finalized/subdir0/subdir0/blk_1073741825_1001.meta'
removed directory: `/scratch/ishaan21/20046384/hdfs_data/current/BP-848526958-198.202.119.170-1541731603186/current/finalized/subdir0/subdir0'
removed directory: `/scratch/ishaan21/20046384/hdfs_data/current/BP-848526958-198.202.119.170-1541731603186/current/finalized/subdir0'
removed directory: `/scratch/ishaan21/20046384/hdfs_data/current/BP-848526958-198.202.119.170-1541731603186/current/finalized'
removed `/scratch/ishaan21/20046384/hdfs_data/current/BP-848526958-198.202.119.170-1541731603186/current/VERSION'
removed directory: `/scratch/ishaan21/20046384/hdfs_data/current/BP-848526958-198.202.119.170-1541731603186/current/rbw'
removed `/scratch/ishaan21/20046384/hdfs_data/current/BP-848526958-198.202.119.170-1541731603186/current/dfsUsed'
removed directory: `/scratch/ishaan21/20046384/hdfs_data/current/BP-848526958-198.202.119.170-1541731603186/current'
removed `/scratch/ishaan21/20046384/hdfs_data/current/BP-848526958-198.202.119.170-1541731603186/dncp_block_verification.log.curr'
removed directory: `/scratch/ishaan21/20046384/hdfs_data/current/BP-848526958-198.202.119.170-1541731603186'
removed `/scratch/ishaan21/20046384/hdfs_data/current/VERSION'
removed directory: `/scratch/ishaan21/20046384/hdfs_data/current'
removed directory: `/scratch/ishaan21/20046384/hdfs_data'
removed directory: `/scratch/ishaan21/20046384/pids'
removed `/scratch/ishaan21/20046384/logs/yarn-ishaan21-resourcemanager-comet-25-64.log'
removed `/scratch/ishaan21/20046384/logs/hadoop-ishaan21-namenode-comet-25-64.sdsc.edu.log'
removed `/scratch/ishaan21/20046384/logs/spark-ishaan21-org.apache.spark.deploy.worker.Worker-1-comet-25-64.sdsc.edu.out'
removed `/scratch/ishaan21/20046384/logs/hadoop-ishaan21-datanode-comet-25-64.sdsc.edu.log'
removed `/scratch/ishaan21/20046384/logs/hadoop-ishaan21-secondarynamenode-comet-25-64.sdsc.edu.out'
removed `/scratch/ishaan21/20046384/logs/yarn-ishaan21-nodemanager-comet-25-64.sdsc.edu.out'
removed `/scratch/ishaan21/20046384/logs/SecurityAuth-ishaan21.audit'
removed directory: `/scratch/ishaan21/20046384/logs/userlogs'
removed `/scratch/ishaan21/20046384/logs/hadoop-ishaan21-datanode-comet-25-64.sdsc.edu.out'
removed `/scratch/ishaan21/20046384/logs/yarn-ishaan21-nodemanager-comet-25-64.sdsc.edu.log'
removed `/scratch/ishaan21/20046384/logs/hadoop-ishaan21-secondarynamenode-comet-25-64.sdsc.edu.log'
removed `/scratch/ishaan21/20046384/logs/spark-ishaan21-org.apache.spark.deploy.master.Master-1-comet-25-64.out'
removed `/scratch/ishaan21/20046384/logs/yarn-ishaan21-resourcemanager-comet-25-64.out'
removed `/scratch/ishaan21/20046384/logs/hadoop-ishaan21-namenode-comet-25-64.sdsc.edu.out'
removed directory: `/scratch/ishaan21/20046384/logs'
removed directory: `/scratch/ishaan21/20046384/mapred_scratch/usercache'
removed directory: `/scratch/ishaan21/20046384/mapred_scratch/nmPrivate'
removed directory: `/scratch/ishaan21/20046384/mapred_scratch/filecache'
removed directory: `/scratch/ishaan21/20046384/mapred_scratch'
removed `/scratch/ishaan21/20046384/hdfs_data/current/VERSION'
removed directory: `/scratch/ishaan21/20046384/hdfs_data/current/BP-848526958-198.202.119.170-1541731603186/tmp'
removed `/scratch/ishaan21/20046384/hdfs_data/current/BP-848526958-198.202.119.170-1541731603186/current/dfsUsed'
removed `/scratch/ishaan21/20046384/hdfs_data/current/BP-848526958-198.202.119.170-1541731603186/current/finalized/subdir0/subdir0/blk_1073741825_1001.meta'
removed `/scratch/ishaan21/20046384/hdfs_data/current/BP-848526958-198.202.119.170-1541731603186/current/finalized/subdir0/subdir0/blk_1073741825'
removed directory: `/scratch/ishaan21/20046384/hdfs_data/current/BP-848526958-198.202.119.170-1541731603186/current/finalized/subdir0/subdir0'
removed directory: `/scratch/ishaan21/20046384/hdfs_data/current/BP-848526958-198.202.119.170-1541731603186/current/finalized/subdir0'
removed directory: `/scratch/ishaan21/20046384/hdfs_data/current/BP-848526958-198.202.119.170-1541731603186/current/finalized'
removed `/scratch/ishaan21/20046384/hdfs_data/current/BP-848526958-198.202.119.170-1541731603186/current/VERSION'
removed directory: `/scratch/ishaan21/20046384/hdfs_data/current/BP-848526958-198.202.119.170-1541731603186/current/rbw'
removed directory: `/scratch/ishaan21/20046384/hdfs_data/current/BP-848526958-198.202.119.170-1541731603186/current'
removed `/scratch/ishaan21/20046384/hdfs_data/current/BP-848526958-198.202.119.170-1541731603186/dncp_block_verification.log.curr'
removed `/scratch/ishaan21/20046384/hdfs_data/current/BP-848526958-198.202.119.170-1541731603186/dncp_block_verification.log.prev'
removed directory: `/scratch/ishaan21/20046384/hdfs_data/current/BP-848526958-198.202.119.170-1541731603186'
removed directory: `/scratch/ishaan21/20046384/hdfs_data/current'
removed directory: `/scratch/ishaan21/20046384/hdfs_data'
removed directory: `/scratch/ishaan21/20046384/pids'
removed `/scratch/ishaan21/20046384/logs/yarn-ishaan21-nodemanager-comet-25-69.sdsc.edu.log'
removed `/scratch/ishaan21/20046384/logs/hadoop-ishaan21-datanode-comet-25-69.sdsc.edu.log'
removed `/scratch/ishaan21/20046384/logs/yarn-ishaan21-nodemanager-comet-25-69.sdsc.edu.out'
removed `/scratch/ishaan21/20046384/logs/spark-ishaan21-org.apache.spark.deploy.worker.Worker-1-comet-25-69.sdsc.edu.out'
removed `/scratch/ishaan21/20046384/logs/hadoop-ishaan21-datanode-comet-25-69.sdsc.edu.out'
removed `/scratch/ishaan21/20046384/logs/SecurityAuth-ishaan21.audit'
removed directory: `/scratch/ishaan21/20046384/logs/userlogs'
removed directory: `/scratch/ishaan21/20046384/logs'
removed directory: `/scratch/ishaan21/20046384/mapred_scratch/usercache'
removed directory: `/scratch/ishaan21/20046384/mapred_scratch/nmPrivate'
removed directory: `/scratch/ishaan21/20046384/mapred_scratch/filecache'
removed directory: `/scratch/ishaan21/20046384/mapred_scratch'
removed `/scratch/ishaan21/20046384/hdfs_data/current/BP-848526958-198.202.119.170-1541731603186/dncp_block_verification.log.curr'
removed `/scratch/ishaan21/20046384/hdfs_data/current/BP-848526958-198.202.119.170-1541731603186/current/VERSION'
removed `/scratch/ishaan21/20046384/hdfs_data/current/BP-848526958-198.202.119.170-1541731603186/current/finalized/subdir0/subdir0/blk_1073741825_1001.meta'
removed `/scratch/ishaan21/20046384/hdfs_data/current/BP-848526958-198.202.119.170-1541731603186/current/finalized/subdir0/subdir0/blk_1073741825'
removed directory: `/scratch/ishaan21/20046384/hdfs_data/current/BP-848526958-198.202.119.170-1541731603186/current/finalized/subdir0/subdir0'
removed directory: `/scratch/ishaan21/20046384/hdfs_data/current/BP-848526958-198.202.119.170-1541731603186/current/finalized/subdir0'
removed directory: `/scratch/ishaan21/20046384/hdfs_data/current/BP-848526958-198.202.119.170-1541731603186/current/finalized'
removed `/scratch/ishaan21/20046384/hdfs_data/current/BP-848526958-198.202.119.170-1541731603186/current/dfsUsed'
removed directory: `/scratch/ishaan21/20046384/hdfs_data/current/BP-848526958-198.202.119.170-1541731603186/current/rbw'
removed directory: `/scratch/ishaan21/20046384/hdfs_data/current/BP-848526958-198.202.119.170-1541731603186/current'
removed `/scratch/ishaan21/20046384/hdfs_data/current/BP-848526958-198.202.119.170-1541731603186/dncp_block_verification.log.prev'
removed directory: `/scratch/ishaan21/20046384/hdfs_data/current/BP-848526958-198.202.119.170-1541731603186/tmp'
removed directory: `/scratch/ishaan21/20046384/hdfs_data/current/BP-848526958-198.202.119.170-1541731603186'
removed `/scratch/ishaan21/20046384/hdfs_data/current/VERSION'
removed directory: `/scratch/ishaan21/20046384/hdfs_data/current'
removed directory: `/scratch/ishaan21/20046384/hdfs_data'
removed directory: `/scratch/ishaan21/20046384/pids'
removed `/scratch/ishaan21/20046384/logs/spark-ishaan21-org.apache.spark.deploy.worker.Worker-1-comet-25-71.sdsc.edu.out'
removed `/scratch/ishaan21/20046384/logs/yarn-ishaan21-nodemanager-comet-25-71.sdsc.edu.out'
removed directory: `/scratch/ishaan21/20046384/logs/userlogs'
removed `/scratch/ishaan21/20046384/logs/hadoop-ishaan21-datanode-comet-25-71.sdsc.edu.out'
removed `/scratch/ishaan21/20046384/logs/hadoop-ishaan21-datanode-comet-25-71.sdsc.edu.log'
removed `/scratch/ishaan21/20046384/logs/yarn-ishaan21-nodemanager-comet-25-71.sdsc.edu.log'
removed `/scratch/ishaan21/20046384/logs/SecurityAuth-ishaan21.audit'
removed directory: `/scratch/ishaan21/20046384/logs'
removed directory: `/tmp/Jetty_comet.25.64_ibnet_50090_secondary____o5s9se_580691600481735400/.active'
removed directory: `/tmp/Jetty_comet.25.64_ibnet_50090_secondary____o5s9se_580691600481735400/jsp'
removed directory: `/tmp/Jetty_comet.25.64_ibnet_50090_secondary____o5s9se_580691600481735400'
removed directory: `/tmp/Jetty_0_0_0_0_50075_datanode____hwtdwq_1882785595599347390/.active'
removed directory: `/tmp/Jetty_0_0_0_0_50075_datanode____hwtdwq_1882785595599347390/jsp'
removed directory: `/tmp/Jetty_0_0_0_0_50075_datanode____hwtdwq_1882785595599347390'
removed directory: `/tmp/Jetty_0_0_0_0_50070_hdfs____w2cu08_4099544428255658193/.active'
removed directory: `/tmp/Jetty_0_0_0_0_50070_hdfs____w2cu08_4099544428255658193/jsp'
removed directory: `/tmp/Jetty_0_0_0_0_50070_hdfs____w2cu08_4099544428255658193'
